0 info it worked if it ends with ok
1 verbose cli [ 'C:\\Program Files\\nodejs\\node.exe',
1 verbose cli   'C:\\Program Files\\nodejs\\node_modules\\npm\\bin\\npm-cli.js',
1 verbose cli   'start' ]
2 info using npm@3.10.10
3 info using node@v6.11.3
4 verbose run-script [ 'prestart', 'start', 'poststart' ]
5 info lifecycle admin@0.0.0~prestart: admin@0.0.0
6 silly lifecycle admin@0.0.0~prestart: no script for prestart, continuing
7 info lifecycle admin@0.0.0~start: admin@0.0.0
8 verbose lifecycle admin@0.0.0~start: unsafe-perm in lifecycle true
9 verbose lifecycle admin@0.0.0~start: PATH: C:\Program Files\nodejs\node_modules\npm\bin\node-gyp-bin;C:\Users\deepak\Desktop\abc\admin\node_modules\.bin;C:\xampp\mysql\bin;C:\Program Files\nodejs\;C:\wamp64\bin\mysql\mysql5.7.14\bin;C:\Users\deepak\AppData\Roaming\npm;C:\Windows\System32
10 verbose lifecycle admin@0.0.0~start: CWD: C:\Users\deepak\Desktop\abc\admin
11 silly lifecycle admin@0.0.0~start: Args: [ '/d /s /c', 'node ./bin/www' ]
12 info lifecycle admin@0.0.0~start: Failed to exec start script
13 verbose stack Error: admin@0.0.0 start: `node ./bin/www`
13 verbose stack spawn  “;C:\Windows\system32” ENOENT
13 verbose stack     at exports._errnoException (util.js:1020:11)
13 verbose stack     at Process.ChildProcess._handle.onexit (internal/child_process.js:197:32)
13 verbose stack     at onErrorNT (internal/child_process.js:376:16)
13 verbose stack     at _combinedTickCallback (internal/process/next_tick.js:80:11)
13 verbose stack     at process._tickCallback (internal/process/next_tick.js:104:9)
14 verbose pkgid admin@0.0.0
15 verbose cwd C:\Users\deepak\Desktop\abc\admin
16 error Windows_NT 6.3.9600
17 error argv "C:\\Program Files\\nodejs\\node.exe" "C:\\Program Files\\nodejs\\node_modules\\npm\\bin\\npm-cli.js" "start"
18 error node v6.11.3
19 error npm  v3.10.10
20 error file “;C:\Windows\system32”
21 error path “;C:\Windows\system32”
22 error code ELIFECYCLE
23 error errno ENOENT
24 error syscall spawn  “;C:\Windows\system32”
25 error admin@0.0.0 start: `node ./bin/www`
25 error spawn  “;C:\Windows\system32” ENOENT
26 error Failed at the admin@0.0.0 start script 'node ./bin/www'.
26 error Make sure you have the latest version of node.js and npm installed.
26 error If you do, this is most likely a problem with the admin package,
26 error not with npm itself.
26 error Tell the author that this fails on your system:
26 error     node ./bin/www
26 error You can get information on how to open an issue for this project with:
26 error     npm bugs admin
26 error Or if that isn't available, you can get their info via:
26 error     npm owner ls admin
26 error There is likely additional logging output above.
27 verbose exit [ 1, true ]
